Application created
Game created
Application init OK
Player created
Loaded GenericShader.frag
Loaded GenericShader.vert
Balls/ball12.png loaded OK
Shader destroyed
Shader destroyed
Bubble created
Loaded GenericShader.frag
Loaded GenericShader.vert
Balls/ball12.png loaded OK
Shader destroyed
Shader destroyed
Bubble created
Loaded GenericShader.frag
Loaded GenericShader.vert
Balls/ball12.png loaded OK
Shader destroyed
Shader destroyed
Bubble created
Loaded GenericShader.frag
Loaded GenericShader.vert
Balls/ball12.png loaded OK
Shader destroyed
Shader destroyed
Bubble created
Loaded GenericShader.frag
Loaded GenericShader.vert
Balls/ball12.png loaded OK
Shader destroyed
Shader destroyed
Bubble created
Loaded GenericShader.frag
Loaded GenericShader.vert
Balls/ball12.png loaded OK
Shader destroyed
Shader destroyed
Bubble created
Loaded GenericShader.frag
Loaded GenericShader.vert
Balls/ball12.png loaded OK
Shader destroyed
Shader destroyed
Bubble created
Loaded GenericShader.frag
Loaded GenericShader.vert
Balls/ball12.png loaded OK
Shader destroyed
Shader destroyed
Bubble created
Loaded GenericShader.frag
Loaded GenericShader.vert
Balls/ball12.png loaded OK
Shader destroyed
Shader destroyed
Bubble created
Loaded GenericShader.frag
Loaded GenericShader.vert
Balls/ball12.png loaded OK
Shader destroyed
Shader destroyed
Bubble created
Loaded GenericShader.frag
Loaded GenericShader.vert
Balls/ball12.png loaded OK
Shader destroyed
Shader destroyed
Bubble created
Loaded GenericShader.frag
Loaded GenericShader.vert
Balls/ball12.png loaded OK
Shader destroyed
Shader destroyed
Bubble created
Loaded GenericShader.frag
Loaded GenericShader.vert
Balls/ball12.png loaded OK
Shader destroyed
Shader destroyed
Bubble created
Loaded GenericShader.frag
Loaded GenericShader.vert
Balls/ball12.png loaded OK
Shader destroyed
Shader destroyed
Bubble created
Loaded GenericShader.frag
Loaded GenericShader.vert
Balls/ball12.png loaded OK
Shader destroyed
Shader destroyed
Bubble created
Loaded GenericShader.frag
Loaded GenericShader.vert
Balls/ball12.png loaded OK
Shader destroyed
Shader destroyed
Bubble created
Loaded GenericShader.frag
Loaded GenericShader.vert
Balls/ball12.png loaded OK
Shader destroyed
Shader destroyed
Bubble created
Loaded GenericShader.frag
Loaded GenericShader.vert
Balls/ball12.png loaded OK
Shader destroyed
Shader destroyed
Bubble created
Loaded GenericShader.frag
Loaded GenericShader.vert
Balls/ball12.png loaded OK
Shader destroyed
Shader destroyed
Bubble created
Loaded GenericShader.frag
Loaded GenericShader.vert
Balls/ball12.png loaded OK
Shader destroyed
Shader destroyed
Bubble created
Loaded GenericShader.frag
Loaded GenericShader.vert
Balls/ball12.png loaded OK
Shader destroyed
Shader destroyed
Bubble created
Loaded GenericShader.frag
Loaded GenericShader.vert
Balls/ball12.png loaded OK
Shader destroyed
Shader destroyed
Bubble created
Loaded GenericShader.frag
Loaded GenericShader.vert
Balls/ball12.png loaded OK
Shader destroyed
Shader destroyed
Bubble created
Loaded GenericShader.frag
Loaded GenericShader.vert
Balls/ball12.png loaded OK
Shader destroyed
Shader destroyed
Bubble created
Loaded GenericShader.frag
Loaded GenericShader.vert
Balls/ball12.png loaded OK
Shader destroyed
Shader destroyed
Bubble created
Loaded GenericShader.frag
Loaded GenericShader.vert
Balls/ball12.png loaded OK
Shader destroyed
Shader destroyed
Bubble created
Loaded GenericShader.frag
Loaded GenericShader.vert
Balls/ball12.png loaded OK
Shader destroyed
Shader destroyed
Bubble created
Loaded GenericShader.frag
Loaded GenericShader.vert
Balls/ball12.png loaded OK
Shader destroyed
Shader destroyed
Bubble created
Loaded GenericShader.frag
Loaded GenericShader.vert
Balls/ball12.png loaded OK
Shader destroyed
Shader destroyed
Bubble created
Loaded GenericShader.frag
Loaded GenericShader.vert
Balls/ball12.png loaded OK
Shader destroyed
Shader destroyed
Bubble created
Loaded GenericShader.frag
Loaded GenericShader.vert
Balls/ball12.png loaded OK
Shader destroyed
Shader destroyed
Bubble created
Loaded GenericShader.frag
Loaded GenericShader.vert
Balls/ball12.png loaded OK
Shader destroyed
Shader destroyed
Bubble created
Loaded GenericShader.frag
Loaded GenericShader.vert
Balls/ball12.png loaded OK
Shader destroyed
Shader destroyed
Bubble created
Loaded GenericShader.frag
Loaded GenericShader.vert
Balls/ball12.png loaded OK
Shader destroyed
Shader destroyed
Bubble created
Loaded GenericShader.frag
Loaded GenericShader.vert
Balls/ball12.png loaded OK
Shader destroyed
Shader destroyed
Bubble created
Loaded GenericShader.frag
Loaded GenericShader.vert
Balls/ball12.png loaded OK
Shader destroyed
Shader destroyed
Bubble created
Loaded GenericShader.frag
Loaded GenericShader.vert
Balls/ball12.png loaded OK
Shader destroyed
Shader destroyed
Bubble created
Loaded GenericShader.frag
Loaded GenericShader.vert
Balls/ball12.png loaded OK
Shader destroyed
Shader destroyed
Bubble created
Loaded GenericShader.frag
Loaded GenericShader.vert
Balls/ball12.png loaded OK
Shader destroyed
Shader destroyed
Bubble created
Loaded GenericShader.frag
Loaded GenericShader.vert
Balls/ball12.png loaded OK
Shader destroyed
Shader destroyed
Bubble created
Loaded GenericShader.frag
Loaded GenericShader.vert
Balls/ball12.png loaded OK
Shader destroyed
Shader destroyed
Bubble created
Loaded GenericShader.frag
Loaded GenericShader.vert
Balls/ball12.png loaded OK
Shader destroyed
Shader destroyed
Bubble created
Loaded GenericShader.frag
Loaded GenericShader.vert
Balls/ball12.png loaded OK
Shader destroyed
Shader destroyed
Bubble created
Loaded GenericShader.frag
Loaded GenericShader.vert
Balls/ball12.png loaded OK
Shader destroyed
Shader destroyed
Bubble created
Loaded GenericShader.frag
Loaded GenericShader.vert
Balls/ball12.png loaded OK
Shader destroyed
Shader destroyed
Bubble created
Loaded GenericShader.frag
Loaded GenericShader.vert
Balls/ball12.png loaded OK
Shader destroyed
Shader destroyed
Bubble created
Loaded GenericShader.frag
Loaded GenericShader.vert
Balls/ball12.png loaded OK
Shader destroyed
Shader destroyed
Bubble created
Loaded GenericShader.frag
Loaded GenericShader.vert
Balls/ball12.png loaded OK
Shader destroyed
Shader destroyed
Bubble created
Loaded GenericShader.frag
Loaded GenericShader.vert
Balls/ball12.png loaded OK
Shader destroyed
Shader destroyed
Bubble created
Loaded GenericShader.frag
Loaded GenericShader.vert
Balls/ball12.png loaded OK
Shader destroyed
Shader destroyed
Bubble created
Loaded GenericShader.frag
Loaded GenericShader.vert
Balls/ball12.png loaded OK
Shader destroyed
Shader destroyed
Game init OK
Toggled fullscreen
Toggled fullscreen
Toggled fullscreen
Toggled fullscreen
Toggled fullscreen
Toggled fullscreen
Toggled fullscreen
Toggled fullscreen
Toggled fullscreen
Toggled fullscreen
Toggled fullscreen
Toggled fullscreen
Toggled fullscreen
Toggled fullscreen
Toggled fullscreen
Toggled fullscreen
Toggled fullscreen
Toggled fullscreen
Toggled fullscreen
Toggled fullscreen
Toggled fullscreen
Toggled fullscreen
Toggled fullscreen
Toggled fullscreen
Toggled fullscreen
Toggled fullscreen
Toggled fullscreen
Toggled fullscreen
Toggled fullscreen
Toggled fullscreen
Toggled fullscreen
Toggled fullscreen
Toggled fullscreen
Toggled fullscreen
Toggled fullscreen
Toggled fullscreen
Toggled fullscreen
Toggled fullscreen
Toggled fullscreen
Toggled fullscreen
Toggled fullscreen
Toggled fullscreen
Toggled fullscreen
Toggled fullscreen
Toggled fullscreen
Toggled fullscreen
Toggled fullscreen
Toggled fullscreen
Toggled fullscreen
Toggled fullscreen
Toggled fullscreen
Toggled fullscreen
Toggled fullscreen
Toggled fullscreen
Toggled fullscreen
Toggled fullscreen
Toggled fullscreen
Toggled fullscreen
Toggled fullscreen
Toggled fullscreen
Toggled fullscreen
Toggled fullscreen
Toggled fullscreen
Toggled fullscreen
Toggled fullscreen
Toggled fullscreen
Toggled fullscreen
Toggled fullscreen
Toggled fullscreen
Toggled fullscreen
Toggled fullscreen
Toggled fullscreen
Toggled fullscreen
Toggled fullscreen
Toggled fullscreen
Toggled fullscreen
Toggled fullscreen
Toggled fullscreen
Toggled fullscreen
Toggled fullscreen
