c:\users\student\downloads\opengl-2d-game-working\vsproject\graphics2d\graphics2d\debug\vc141.pdb
c:\users\student\downloads\opengl-2d-game-working\vsproject\graphics2d\graphics2d\debug\vc141.idb
c:\users\student\downloads\opengl-2d-game-working\vsproject\graphics2d\graphics2d\debug\jn_triangle.obj
c:\users\student\downloads\opengl-2d-game-working\vsproject\graphics2d\graphics2d\debug\jn_transfom.obj
c:\users\student\downloads\opengl-2d-game-working\vsproject\graphics2d\graphics2d\debug\jn_texture.obj
c:\users\student\downloads\opengl-2d-game-working\vsproject\graphics2d\graphics2d\debug\jn_shader.obj
c:\users\student\downloads\opengl-2d-game-working\vsproject\graphics2d\graphics2d\debug\jn_player.obj
c:\users\student\downloads\opengl-2d-game-working\vsproject\graphics2d\graphics2d\debug\jn_main.obj
c:\users\student\downloads\opengl-2d-game-working\vsproject\graphics2d\graphics2d\debug\jn_logging.obj
c:\users\student\downloads\opengl-2d-game-working\vsproject\graphics2d\graphics2d\debug\jn_game.obj
c:\users\student\downloads\opengl-2d-game-working\vsproject\graphics2d\graphics2d\debug\jn_framelock.obj
c:\users\student\downloads\opengl-2d-game-working\vsproject\graphics2d\graphics2d\debug\jn_application.obj
c:\users\student\downloads\opengl-2d-game-working\vsproject\graphics2d\debug\graphics2d.exe
c:\users\student\downloads\opengl-2d-game-working\vsproject\graphics2d\debug\graphics2d.ilk
c:\users\student\downloads\opengl-2d-game-working\vsproject\graphics2d\debug\graphics2d.pdb
c:\users\student\downloads\opengl-2d-game-working\vsproject\graphics2d\graphics2d\debug\graphics2d.tlog\cl.command.1.tlog
c:\users\student\downloads\opengl-2d-game-working\vsproject\graphics2d\graphics2d\debug\graphics2d.tlog\cl.read.1.tlog
c:\users\student\downloads\opengl-2d-game-working\vsproject\graphics2d\graphics2d\debug\graphics2d.tlog\cl.write.1.tlog
c:\users\student\downloads\opengl-2d-game-working\vsproject\graphics2d\graphics2d\debug\graphics2d.tlog\link.command.1.tlog
c:\users\student\downloads\opengl-2d-game-working\vsproject\graphics2d\graphics2d\debug\graphics2d.tlog\link.read.1.tlog
c:\users\student\downloads\opengl-2d-game-working\vsproject\graphics2d\graphics2d\debug\graphics2d.tlog\link.write.1.tlog
